Flow report for SimpleCompArch_QII_14
Thu Mar 24 19:15:12 2016
Quartus II 64-Bit Version 13.0.1 Build 232 06/12/2013 Service Pack 1 SJ Full Version


---------------------
; Table of Contents ;
---------------------
  1. Legal Notice
  2. Flow Summary
  3. Flow Settings
  4. Flow Non-Default Global Settings
  5. Flow Elapsed Time
  6. Flow OS Summary
  7. Flow Log
  8. Flow Messages
  9. Flow Suppressed Messages



----------------
; Legal Notice ;
----------------
Copyright (C) 1991-2013 Altera Corporation
Your use of Altera Corporation's design tools, logic functions 
and other software and tools, and its AMPP partner logic 
functions, and any output files from any of the foregoing 
(including device programming or simulation files), and any 
associated documentation or information are expressly subject 
to the terms and conditions of the Altera Program License 
Subscription Agreement, Altera MegaCore Function License 
Agreement, or other applicable license agreement, including, 
without limitation, that your use is for the sole purpose of 
programming logic devices manufactured by Altera and sold by 
Altera or its authorized distributors.  Please refer to the 
applicable agreement for further details.



+---------------------------------------------------------------------------------------+
; Flow Summary                                                                          ;
+------------------------------------+--------------------------------------------------+
; Flow Status                        ; Successful - Thu Mar 24 19:15:12 2016            ;
; Quartus II 64-Bit Version          ; 13.0.1 Build 232 06/12/2013 SP 1 SJ Full Version ;
; Revision Name                      ; SimpleCompArch_QII_14                            ;
; Top-level Entity Name              ; SimpleCompArch                                   ;
; Family                             ; Cyclone IV GX                                    ;
; Total logic elements               ; 4,438 / 29,440 ( 15 % )                          ;
;     Total combinational functions  ; 4,212 / 29,440 ( 14 % )                          ;
;     Dedicated logic registers      ; 1,325 / 29,440 ( 5 % )                           ;
; Total registers                    ; 1325                                             ;
; Total pins                         ; 190 / 307 ( 62 % )                               ;
; Total virtual pins                 ; 0                                                ;
; Total memory bits                  ; 65,536 / 1,105,920 ( 6 % )                       ;
; Embedded Multiplier 9-bit elements ; 0 / 160 ( 0 % )                                  ;
; Total GXB Receiver Channel PCS     ; 0 / 4 ( 0 % )                                    ;
; Total GXB Receiver Channel PMA     ; 0 / 4 ( 0 % )                                    ;
; Total GXB Transmitter Channel PCS  ; 0 / 4 ( 0 % )                                    ;
; Total GXB Transmitter Channel PMA  ; 0 / 4 ( 0 % )                                    ;
; Total PLLs                         ; 0 / 6 ( 0 % )                                    ;
; Device                             ; EP4CGX30CF23C6                                   ;
; Timing Models                      ; Final                                            ;
+------------------------------------+--------------------------------------------------+


+-------------------------------------------+
; Flow Settings                             ;
+-------------------+-----------------------+
; Option            ; Setting               ;
+-------------------+-----------------------+
; Start date & time ; 03/24/2016 19:13:07   ;
; Main task         ; Compilation           ;
; Revision Name     ; SimpleCompArch_QII_14 ;
+-------------------+-----------------------+


+---------------------------------------------------------------------------------------------------------------------------------+
; Flow Non-Default Global Settings                                                                                                ;
+-------------------------------------+---------------------------------+-----------------------+----------------+----------------+
; Assignment Name                     ; Value                           ; Default Value         ; Entity Name    ; Section Id     ;
+-------------------------------------+---------------------------------+-----------------------+----------------+----------------+
; COMPILER_SIGNATURE_ID               ; 203178706090320.145885758708468 ; --                    ; --             ; --             ;
; EDA_GENERATE_FUNCTIONAL_NETLIST     ; On                              ; --                    ; --             ; eda_simulation ;
; EDA_OUTPUT_DATA_FORMAT              ; Verilog Hdl                     ; --                    ; --             ; eda_simulation ;
; EDA_SIMULATION_TOOL                 ; ModelSim-Altera (Verilog)       ; <None>                ; --             ; --             ;
; PARTITION_COLOR                     ; 16764057                        ; --                    ; SimpleCompArch ; Top            ;
; PARTITION_FITTER_PRESERVATION_LEVEL ; PLACEMENT_AND_ROUTING           ; --                    ; SimpleCompArch ; Top            ;
; PARTITION_NETLIST_TYPE              ; SOURCE                          ; --                    ; SimpleCompArch ; Top            ;
; TOP_LEVEL_ENTITY                    ; SimpleCompArch                  ; SimpleCompArch_QII_14 ; --             ; --             ;
+-------------------------------------+---------------------------------+-----------------------+----------------+----------------+


+-------------------------------------------------------------------------------------------------------------------------------+
; Flow Elapsed Time                                                                                                             ;
+---------------------------+--------------+-------------------------+---------------------+------------------------------------+
; Module Name               ; Elapsed Time ; Average Processors Used ; Peak Virtual Memory ; Total CPU Time (on all processors) ;
+---------------------------+--------------+-------------------------+---------------------+------------------------------------+
; Analysis & Synthesis      ; 00:00:10     ; 1.0                     ; 586 MB              ; 00:00:09                           ;
; Fitter                    ; 00:01:04     ; 2.3                     ; 1417 MB             ; 00:01:20                           ;
; Assembler                 ; 00:00:05     ; 1.0                     ; 500 MB              ; 00:00:04                           ;
; TimeQuest Timing Analyzer ; 00:00:08     ; 1.5                     ; 586 MB              ; 00:00:08                           ;
; EDA Netlist Writer        ; 00:00:02     ; 1.0                     ; 475 MB              ; 00:00:02                           ;
; EDA Netlist Writer        ; 00:00:02     ; 1.0                     ; 483 MB              ; 00:00:01                           ;
; EDA Netlist Writer        ; 00:00:02     ; 1.0                     ; 483 MB              ; 00:00:02                           ;
; Total                     ; 00:01:33     ; --                      ; --                  ; 00:01:46                           ;
+---------------------------+--------------+-------------------------+---------------------+------------------------------------+


+----------------------------------------------------------------------------------------+
; Flow OS Summary                                                                        ;
+---------------------------+------------------+-----------+------------+----------------+
; Module Name               ; Machine Hostname ; OS Name   ; OS Version ; Processor type ;
+---------------------------+------------------+-----------+------------+----------------+
; Analysis & Synthesis      ; FR-ECE-30165     ; Windows 7 ; 6.1        ; x86_64         ;
; Fitter                    ; FR-ECE-30165     ; Windows 7 ; 6.1        ; x86_64         ;
; Assembler                 ; FR-ECE-30165     ; Windows 7 ; 6.1        ; x86_64         ;
; TimeQuest Timing Analyzer ; FR-ECE-30165     ; Windows 7 ; 6.1        ; x86_64         ;
; EDA Netlist Writer        ; FR-ECE-30165     ; Windows 7 ; 6.1        ; x86_64         ;
; EDA Netlist Writer        ; FR-ECE-30165     ; Windows 7 ; 6.1        ; x86_64         ;
; EDA Netlist Writer        ; FR-ECE-30165     ; Windows 7 ; 6.1        ; x86_64         ;
+---------------------------+------------------+-----------+------------+----------------+


------------
; Flow Log ;
------------
quartus_map --read_settings_files=on --write_settings_files=off SimpleCompArch_QII_14 -c SimpleCompArch_QII_14
quartus_fit --read_settings_files=off --write_settings_files=off SimpleCompArch_QII_14 -c SimpleCompArch_QII_14
quartus_asm --read_settings_files=off --write_settings_files=off SimpleCompArch_QII_14 -c SimpleCompArch_QII_14
quartus_sta SimpleCompArch_QII_14 -c SimpleCompArch_QII_14
quartus_eda --read_settings_files=off --write_settings_files=off SimpleCompArch_QII_14 -c SimpleCompArch_QII_14
quartus_eda --gen_testbench --check_outputs=on --tool=modelsim_oem --format=verilog SimpleCompArch_QII_14 -c SimpleCompArch_QII_14 --vector_source=C:/Users/dorozco/Desktop/Project_Enhanced_System/SimpleCompArch_QII_14/Waveform.vwf --testbench_file=./simulation/qsim/SimpleCompArch_QII_14.vt
quartus_eda --functional=on --simulation=on --tool=modelsim_oem --format=verilog SimpleCompArch_QII_14 -c SimpleCompArch_QII_14



